<?xml version="1.0" encoding="UTF-8"?>
<!-- Generated by org.testng.reporters.JUnitReportReporter -->
<testsuite skipped="0" hostname="NLPULTP3403691" name="BrowserTestwithPageObjectsTestNG" tests="1" failures="0" timestamp="2021-02-04T16:56:46 IST" time="1.513" errors="0">
  <testcase name="login" time="1.513" classname="BrowserTestwithPageObjectsTestNG"/>
  <system-out/>
</testsuite> <!-- BrowserTestwithPageObjectsTestNG -->
